{"C:\\Users\\Pedro\\Downloads\\MuralDeLikes\\mural-de-likes\\src\\app.js": {"path":"C:\\Users\\Pedro\\Downloads\\MuralDeLikes\\mural-de-likes\\src\\app.js","statementMap":{"0":{"start":{"line":1,"column":16},"end":{"line":1,"column":34}},"1":{"start":{"line":2,"column":16},"end":{"line":2,"column":42}},"2":{"start":{"line":3,"column":13},"end":{"line":3,"column":28}},"3":{"start":{"line":4,"column":0},"end":{"line":4,"column":null}},"4":{"start":{"line":6,"column":12},"end":{"line":6,"column":21}},"5":{"start":{"line":8,"column":0},"end":{"line":8,"column":null}},"6":{"start":{"line":9,"column":0},"end":{"line":9,"column":null}},"7":{"start":{"line":11,"column":0},"end":{"line":11,"column":null}},"8":{"start":{"line":12,"column":0},"end":{"line":12,"column":null}},"9":{"start":{"line":13,"column":0},"end":{"line":13,"column":null}},"10":{"start":{"line":15,"column":0},"end":{"line":20,"column":null}},"11":{"start":{"line":23,"column":19},"end":{"line":23,"column":49}},"12":{"start":{"line":24,"column":19},"end":{"line":24,"column":49}},"13":{"start":{"line":26,"column":0},"end":{"line":26,"column":null}},"14":{"start":{"line":27,"column":0},"end":{"line":33,"column":null}},"15":{"start":{"line":28,"column":2},"end":{"line":32,"column":null}},"16":{"start":{"line":29,"column":4},"end":{"line":29,"column":null}},"17":{"start":{"line":31,"column":4},"end":{"line":31,"column":null}},"18":{"start":{"line":35,"column":0},"end":{"line":35,"column":null}},"19":{"start":{"line":37,"column":0},"end":{"line":37,"column":null}}},"fnMap":{"0":{"name":"(anonymous_0)","decl":{"start":{"line":27,"column":13},"end":{"line":27,"column":14}},"loc":{"start":{"line":27,"column":27},"end":{"line":33,"column":1}},"line":27}},"branchMap":{"0":{"loc":{"start":{"line":16,"column":10},"end":{"line":16,"column":48}},"type":"binary-expr","locations":[{"start":{"line":16,"column":10},"end":{"line":16,"column":36}},{"start":{"line":16,"column":40},"end":{"line":16,"column":48}}],"line":16},"1":{"loc":{"start":{"line":28,"column":2},"end":{"line":32,"column":null}},"type":"if","locations":[{"start":{"line":28,"column":2},"end":{"line":32,"column":null}},{"start":{"line":30,"column":9},"end":{"line":32,"column":null}}],"line":28}},"s":{"0":2,"1":2,"2":2,"3":2,"4":2,"5":2,"6":2,"7":2,"8":2,"9":2,"10":2,"11":2,"12":2,"13":2,"14":2,"15":0,"16":0,"17":0,"18":2,"19":2},"f":{"0":0},"b":{"0":[2,0],"1":[0,0]},"meta":{"lastBranch":2,"lastFunction":1,"lastStatement":20,"seen":{"s:1:16:1:34":0,"s:2:16:2:42":1,"s:3:13:3:28":2,"s:4:0:4:Infinity":3,"s:6:12:6:21":4,"s:8:0:8:Infinity":5,"s:9:0:9:Infinity":6,"s:11:0:11:Infinity":7,"s:12:0:12:Infinity":8,"s:13:0:13:Infinity":9,"s:15:0:20:Infinity":10,"b:16:10:16:36:16:40:16:48":0,"s:23:19:23:49":11,"s:24:19:24:49":12,"s:26:0:26:Infinity":13,"s:27:0:33:Infinity":14,"f:27:13:27:14":0,"b:28:2:32:Infinity:30:9:32:Infinity":1,"s:28:2:32:Infinity":15,"s:29:4:29:Infinity":16,"s:31:4:31:Infinity":17,"s:35:0:35:Infinity":18,"s:37:0:37:Infinity":19},"fnNames":{}}}
,"C:\\Users\\Pedro\\Downloads\\MuralDeLikes\\mural-de-likes\\src\\controllers\\authController.js": {"path":"C:\\Users\\Pedro\\Downloads\\MuralDeLikes\\mural-de-likes\\src\\controllers\\authController.js","statementMap":{"0":{"start":{"line":1,"column":20},"end":{"line":1,"column":54}},"1":{"start":{"line":5,"column":4},"end":{"line":10,"column":null}},"2":{"start":{"line":6,"column":19},"end":{"line":6,"column":55}},"3":{"start":{"line":7,"column":6},"end":{"line":7,"column":null}},"4":{"start":{"line":9,"column":6},"end":{"line":9,"column":null}},"5":{"start":{"line":14,"column":4},"end":{"line":20,"column":null}},"6":{"start":{"line":15,"column":19},"end":{"line":15,"column":77}},"7":{"start":{"line":16,"column":6},"end":{"line":16,"column":null}},"8":{"start":{"line":17,"column":6},"end":{"line":17,"column":null}},"9":{"start":{"line":19,"column":6},"end":{"line":19,"column":null}},"10":{"start":{"line":24,"column":4},"end":{"line":24,"column":null}},"11":{"start":{"line":25,"column":4},"end":{"line":25,"column":null}},"12":{"start":{"line":29,"column":0},"end":{"line":29,"column":null}}},"fnMap":{"0":{"name":"register","decl":{"start":{"line":4,"column":8},"end":{"line":4,"column":16}},"loc":{"start":{"line":4,"column":27},"end":{"line":11,"column":null}},"line":4},"1":{"name":"login","decl":{"start":{"line":13,"column":8},"end":{"line":13,"column":13}},"loc":{"start":{"line":13,"column":24},"end":{"line":21,"column":null}},"line":13},"2":{"name":"logout","decl":{"start":{"line":23,"column":2},"end":{"line":23,"column":8}},"loc":{"start":{"line":23,"column":19},"end":{"line":26,"column":null}},"line":23}},"branchMap":{},"s":{"0":2,"1":1,"2":1,"3":1,"4":0,"5":1,"6":1,"7":1,"8":1,"9":0,"10":0,"11":0,"12":2},"f":{"0":1,"1":1,"2":0},"b":{},"meta":{"lastBranch":0,"lastFunction":3,"lastStatement":13,"seen":{"s:1:20:1:54":0,"f:4:8:4:16":0,"s:5:4:10:Infinity":1,"s:6:19:6:55":2,"s:7:6:7:Infinity":3,"s:9:6:9:Infinity":4,"f:13:8:13:13":1,"s:14:4:20:Infinity":5,"s:15:19:15:77":6,"s:16:6:16:Infinity":7,"s:17:6:17:Infinity":8,"s:19:6:19:Infinity":9,"f:23:2:23:8":2,"s:24:4:24:Infinity":10,"s:25:4:25:Infinity":11,"s:29:0:29:Infinity":12},"fnNames":{}}}
,"C:\\Users\\Pedro\\Downloads\\MuralDeLikes\\mural-de-likes\\src\\controllers\\postController.js": {"path":"C:\\Users\\Pedro\\Downloads\\MuralDeLikes\\mural-de-likes\\src\\controllers\\postController.js","statementMap":{"0":{"start":{"line":1,"column":20},"end":{"line":1,"column":54}},"1":{"start":{"line":5,"column":4},"end":{"line":11,"column":null}},"2":{"start":{"line":6,"column":37},"end":{"line":6,"column":45}},"3":{"start":{"line":7,"column":6},"end":{"line":7,"column":null}},"4":{"start":{"line":8,"column":6},"end":{"line":8,"column":null}},"5":{"start":{"line":10,"column":6},"end":{"line":10,"column":null}},"6":{"start":{"line":15,"column":4},"end":{"line":20,"column":null}},"7":{"start":{"line":16,"column":20},"end":{"line":16,"column":51}},"8":{"start":{"line":17,"column":6},"end":{"line":17,"column":null}},"9":{"start":{"line":19,"column":6},"end":{"line":19,"column":null}},"10":{"start":{"line":24,"column":4},"end":{"line":29,"column":null}},"11":{"start":{"line":25,"column":6},"end":{"line":25,"column":null}},"12":{"start":{"line":26,"column":6},"end":{"line":26,"column":null}},"13":{"start":{"line":28,"column":6},"end":{"line":28,"column":null}},"14":{"start":{"line":33,"column":4},"end":{"line":38,"column":null}},"15":{"start":{"line":34,"column":6},"end":{"line":34,"column":null}},"16":{"start":{"line":35,"column":6},"end":{"line":35,"column":null}},"17":{"start":{"line":37,"column":6},"end":{"line":37,"column":null}},"18":{"start":{"line":42,"column":4},"end":{"line":47,"column":null}},"19":{"start":{"line":43,"column":6},"end":{"line":43,"column":null}},"20":{"start":{"line":44,"column":6},"end":{"line":44,"column":null}},"21":{"start":{"line":46,"column":6},"end":{"line":46,"column":null}},"22":{"start":{"line":51,"column":0},"end":{"line":51,"column":null}}},"fnMap":{"0":{"name":"create","decl":{"start":{"line":4,"column":8},"end":{"line":4,"column":14}},"loc":{"start":{"line":4,"column":25},"end":{"line":12,"column":null}},"line":4},"1":{"name":"feed","decl":{"start":{"line":14,"column":8},"end":{"line":14,"column":12}},"loc":{"start":{"line":14,"column":23},"end":{"line":21,"column":null}},"line":14},"2":{"name":"delete","decl":{"start":{"line":23,"column":8},"end":{"line":23,"column":14}},"loc":{"start":{"line":23,"column":25},"end":{"line":30,"column":null}},"line":23},"3":{"name":"like","decl":{"start":{"line":32,"column":8},"end":{"line":32,"column":12}},"loc":{"start":{"line":32,"column":23},"end":{"line":39,"column":null}},"line":32},"4":{"name":"unlike","decl":{"start":{"line":41,"column":8},"end":{"line":41,"column":14}},"loc":{"start":{"line":41,"column":25},"end":{"line":48,"column":null}},"line":41}},"branchMap":{},"s":{"0":2,"1":0,"2":0,"3":0,"4":0,"5":0,"6":0,"7":0,"8":0,"9":0,"10":0,"11":0,"12":0,"13":0,"14":0,"15":0,"16":0,"17":0,"18":0,"19":0,"20":0,"21":0,"22":2},"f":{"0":0,"1":0,"2":0,"3":0,"4":0},"b":{},"meta":{"lastBranch":0,"lastFunction":5,"lastStatement":23,"seen":{"s:1:20:1:54":0,"f:4:8:4:14":0,"s:5:4:11:Infinity":1,"s:6:37:6:45":2,"s:7:6:7:Infinity":3,"s:8:6:8:Infinity":4,"s:10:6:10:Infinity":5,"f:14:8:14:12":1,"s:15:4:20:Infinity":6,"s:16:20:16:51":7,"s:17:6:17:Infinity":8,"s:19:6:19:Infinity":9,"f:23:8:23:14":2,"s:24:4:29:Infinity":10,"s:25:6:25:Infinity":11,"s:26:6:26:Infinity":12,"s:28:6:28:Infinity":13,"f:32:8:32:12":3,"s:33:4:38:Infinity":14,"s:34:6:34:Infinity":15,"s:35:6:35:Infinity":16,"s:37:6:37:Infinity":17,"f:41:8:41:14":4,"s:42:4:47:Infinity":18,"s:43:6:43:Infinity":19,"s:44:6:44:Infinity":20,"s:46:6:46:Infinity":21,"s:51:0:51:Infinity":22},"fnNames":{}}}
,"C:\\Users\\Pedro\\Downloads\\MuralDeLikes\\mural-de-likes\\src\\database\\db.js": {"path":"C:\\Users\\Pedro\\Downloads\\MuralDeLikes\\mural-de-likes\\src\\database\\db.js","statementMap":{"0":{"start":{"line":1,"column":16},"end":{"line":1,"column":44}},"1":{"start":{"line":2,"column":13},"end":{"line":2,"column":28}},"2":{"start":{"line":3,"column":11},"end":{"line":3,"column":24}},"3":{"start":{"line":5,"column":15},"end":{"line":5,"column":57}},"4":{"start":{"line":7,"column":11},"end":{"line":14,"column":2}},"5":{"start":{"line":8,"column":2},"end":{"line":13,"column":null}},"6":{"start":{"line":9,"column":4},"end":{"line":9,"column":null}},"7":{"start":{"line":11,"column":4},"end":{"line":11,"column":null}},"8":{"start":{"line":12,"column":4},"end":{"line":12,"column":null}},"9":{"start":{"line":17,"column":2},"end":{"line":48,"column":null}},"10":{"start":{"line":19,"column":4},"end":{"line":25,"column":null}},"11":{"start":{"line":28,"column":4},"end":{"line":36,"column":null}},"12":{"start":{"line":39,"column":4},"end":{"line":47,"column":null}},"13":{"start":{"line":51,"column":0},"end":{"line":51,"column":null}}},"fnMap":{"0":{"name":"(anonymous_0)","decl":{"start":{"line":7,"column":40},"end":{"line":7,"column":41}},"loc":{"start":{"line":7,"column":49},"end":{"line":14,"column":1}},"line":7},"1":{"name":"createTables","decl":{"start":{"line":16,"column":9},"end":{"line":16,"column":21}},"loc":{"start":{"line":16,"column":24},"end":{"line":49,"column":null}},"line":16},"2":{"name":"(anonymous_2)","decl":{"start":{"line":17,"column":15},"end":{"line":17,"column":16}},"loc":{"start":{"line":17,"column":21},"end":{"line":48,"column":3}},"line":17}},"branchMap":{"0":{"loc":{"start":{"line":5,"column":15},"end":{"line":5,"column":57}},"type":"binary-expr","locations":[{"start":{"line":5,"column":15},"end":{"line":5,"column":34}},{"start":{"line":5,"column":38},"end":{"line":5,"column":57}}],"line":5},"1":{"loc":{"start":{"line":8,"column":2},"end":{"line":13,"column":null}},"type":"if","locations":[{"start":{"line":8,"column":2},"end":{"line":13,"column":null}},{"start":{"line":10,"column":9},"end":{"line":13,"column":null}}],"line":8}},"s":{"0":5,"1":5,"2":5,"3":5,"4":5,"5":5,"6":0,"7":5,"8":5,"9":5,"10":5,"11":5,"12":5,"13":5},"f":{"0":5,"1":5,"2":5},"b":{"0":[5,3],"1":[0,5]},"meta":{"lastBranch":2,"lastFunction":3,"lastStatement":14,"seen":{"s:1:16:1:44":0,"s:2:13:2:28":1,"s:3:11:3:24":2,"s:5:15:5:57":3,"b:5:15:5:34:5:38:5:57":0,"s:7:11:14:2":4,"f:7:40:7:41":0,"b:8:2:13:Infinity:10:9:13:Infinity":1,"s:8:2:13:Infinity":5,"s:9:4:9:Infinity":6,"s:11:4:11:Infinity":7,"s:12:4:12:Infinity":8,"f:16:9:16:21":1,"s:17:2:48:Infinity":9,"f:17:15:17:16":2,"s:19:4:25:Infinity":10,"s:28:4:36:Infinity":11,"s:39:4:47:Infinity":12,"s:51:0:51:Infinity":13},"fnNames":{}}}
,"C:\\Users\\Pedro\\Downloads\\MuralDeLikes\\mural-de-likes\\src\\middlewares\\authMiddleware.js": {"path":"C:\\Users\\Pedro\\Downloads\\MuralDeLikes\\mural-de-likes\\src\\middlewares\\authMiddleware.js","statementMap":{"0":{"start":{"line":1,"column":24},"end":{"line":6,"column":1}},"1":{"start":{"line":2,"column":2},"end":{"line":4,"column":null}},"2":{"start":{"line":3,"column":4},"end":{"line":3,"column":null}},"3":{"start":{"line":5,"column":2},"end":{"line":5,"column":null}},"4":{"start":{"line":8,"column":27},"end":{"line":13,"column":1}},"5":{"start":{"line":9,"column":2},"end":{"line":11,"column":null}},"6":{"start":{"line":10,"column":4},"end":{"line":10,"column":null}},"7":{"start":{"line":12,"column":2},"end":{"line":12,"column":null}},"8":{"start":{"line":15,"column":0},"end":{"line":15,"column":null}}},"fnMap":{"0":{"name":"(anonymous_0)","decl":{"start":{"line":1,"column":24},"end":{"line":1,"column":25}},"loc":{"start":{"line":1,"column":44},"end":{"line":6,"column":1}},"line":1},"1":{"name":"(anonymous_1)","decl":{"start":{"line":8,"column":27},"end":{"line":8,"column":28}},"loc":{"start":{"line":8,"column":47},"end":{"line":13,"column":1}},"line":8}},"branchMap":{"0":{"loc":{"start":{"line":2,"column":2},"end":{"line":4,"column":null}},"type":"if","locations":[{"start":{"line":2,"column":2},"end":{"line":4,"column":null}},{"start":{},"end":{}}],"line":2},"1":{"loc":{"start":{"line":2,"column":6},"end":{"line":2,"column":37}},"type":"binary-expr","locations":[{"start":{"line":2,"column":6},"end":{"line":2,"column":17}},{"start":{"line":2,"column":21},"end":{"line":2,"column":37}}],"line":2},"2":{"loc":{"start":{"line":9,"column":2},"end":{"line":11,"column":null}},"type":"if","locations":[{"start":{"line":9,"column":2},"end":{"line":11,"column":null}},{"start":{},"end":{}}],"line":9},"3":{"loc":{"start":{"line":9,"column":6},"end":{"line":9,"column":39}},"type":"binary-expr","locations":[{"start":{"line":9,"column":6},"end":{"line":9,"column":18}},{"start":{"line":9,"column":22},"end":{"line":9,"column":39}}],"line":9}},"s":{"0":2,"1":1,"2":0,"3":1,"4":2,"5":2,"6":2,"7":0,"8":2},"f":{"0":1,"1":2},"b":{"0":[0,1],"1":[1,1],"2":[2,0],"3":[2,2]},"meta":{"lastBranch":4,"lastFunction":2,"lastStatement":9,"seen":{"s:1:24:6:1":0,"f:1:24:1:25":0,"b:2:2:4:Infinity:undefined:undefined:undefined:undefined":0,"s:2:2:4:Infinity":1,"b:2:6:2:17:2:21:2:37":1,"s:3:4:3:Infinity":2,"s:5:2:5:Infinity":3,"s:8:27:13:1":4,"f:8:27:8:28":1,"b:9:2:11:Infinity:undefined:undefined:undefined:undefined":2,"s:9:2:11:Infinity":5,"b:9:6:9:18:9:22:9:39":3,"s:10:4:10:Infinity":6,"s:12:2:12:Infinity":7,"s:15:0:15:Infinity":8},"fnNames":{}}}
,"C:\\Users\\Pedro\\Downloads\\MuralDeLikes\\mural-de-likes\\src\\repositories\\likeRepository.js": {"path":"C:\\Users\\Pedro\\Downloads\\MuralDeLikes\\mural-de-likes\\src\\repositories\\likeRepository.js","statementMap":{"0":{"start":{"line":1,"column":11},"end":{"line":1,"column":36}},"1":{"start":{"line":5,"column":4},"end":{"line":21,"column":null}},"2":{"start":{"line":6,"column":6},"end":{"line":20,"column":null}},"3":{"start":{"line":10,"column":10},"end":{"line":18,"column":null}},"4":{"start":{"line":11,"column":12},"end":{"line":15,"column":null}},"5":{"start":{"line":12,"column":14},"end":{"line":12,"column":null}},"6":{"start":{"line":14,"column":14},"end":{"line":14,"column":null}},"7":{"start":{"line":17,"column":12},"end":{"line":17,"column":null}},"8":{"start":{"line":25,"column":4},"end":{"line":34,"column":null}},"9":{"start":{"line":26,"column":6},"end":{"line":33,"column":null}},"10":{"start":{"line":30,"column":10},"end":{"line":31,"column":null}},"11":{"start":{"line":30,"column":19},"end":{"line":30,"column":null}},"12":{"start":{"line":31,"column":15},"end":{"line":31,"column":null}},"13":{"start":{"line":38,"column":4},"end":{"line":47,"column":null}},"14":{"start":{"line":39,"column":6},"end":{"line":46,"column":null}},"15":{"start":{"line":43,"column":10},"end":{"line":44,"column":null}},"16":{"start":{"line":43,"column":19},"end":{"line":43,"column":null}},"17":{"start":{"line":44,"column":15},"end":{"line":44,"column":null}},"18":{"start":{"line":51,"column":0},"end":{"line":51,"column":null}}},"fnMap":{"0":{"name":"create","decl":{"start":{"line":4,"column":8},"end":{"line":4,"column":14}},"loc":{"start":{"line":4,"column":33},"end":{"line":22,"column":null}},"line":4},"1":{"name":"(anonymous_1)","decl":{"start":{"line":5,"column":23},"end":{"line":5,"column":24}},"loc":{"start":{"line":5,"column":44},"end":{"line":21,"column":5}},"line":5},"2":{"name":"(anonymous_2)","decl":{"start":{"line":9,"column":8},"end":{"line":9,"column":16}},"loc":{"start":{"line":9,"column":22},"end":{"line":19,"column":null}},"line":9},"3":{"name":"delete","decl":{"start":{"line":24,"column":8},"end":{"line":24,"column":14}},"loc":{"start":{"line":24,"column":33},"end":{"line":35,"column":null}},"line":24},"4":{"name":"(anonymous_4)","decl":{"start":{"line":25,"column":23},"end":{"line":25,"column":24}},"loc":{"start":{"line":25,"column":44},"end":{"line":34,"column":5}},"line":25},"5":{"name":"(anonymous_5)","decl":{"start":{"line":29,"column":8},"end":{"line":29,"column":16}},"loc":{"start":{"line":29,"column":22},"end":{"line":32,"column":null}},"line":29},"6":{"name":"hasLiked","decl":{"start":{"line":37,"column":8},"end":{"line":37,"column":16}},"loc":{"start":{"line":37,"column":35},"end":{"line":48,"column":null}},"line":37},"7":{"name":"(anonymous_7)","decl":{"start":{"line":38,"column":23},"end":{"line":38,"column":24}},"loc":{"start":{"line":38,"column":44},"end":{"line":47,"column":5}},"line":38},"8":{"name":"(anonymous_8)","decl":{"start":{"line":42,"column":8},"end":{"line":42,"column":9}},"loc":{"start":{"line":42,"column":22},"end":{"line":45,"column":null}},"line":42}},"branchMap":{"0":{"loc":{"start":{"line":10,"column":10},"end":{"line":18,"column":null}},"type":"if","locations":[{"start":{"line":10,"column":10},"end":{"line":18,"column":null}},{"start":{"line":16,"column":17},"end":{"line":18,"column":null}}],"line":10},"1":{"loc":{"start":{"line":11,"column":12},"end":{"line":15,"column":null}},"type":"if","locations":[{"start":{"line":11,"column":12},"end":{"line":15,"column":null}},{"start":{"line":13,"column":19},"end":{"line":15,"column":null}}],"line":11},"2":{"loc":{"start":{"line":30,"column":10},"end":{"line":31,"column":null}},"type":"if","locations":[{"start":{"line":30,"column":10},"end":{"line":31,"column":null}},{"start":{"line":31,"column":15},"end":{"line":31,"column":null}}],"line":30},"3":{"loc":{"start":{"line":43,"column":10},"end":{"line":44,"column":null}},"type":"if","locations":[{"start":{"line":43,"column":10},"end":{"line":44,"column":null}},{"start":{"line":44,"column":15},"end":{"line":44,"column":null}}],"line":43}},"s":{"0":4,"1":0,"2":0,"3":0,"4":0,"5":0,"6":0,"7":0,"8":0,"9":0,"10":0,"11":0,"12":0,"13":0,"14":0,"15":0,"16":0,"17":0,"18":4},"f":{"0":0,"1":0,"2":0,"3":0,"4":0,"5":0,"6":0,"7":0,"8":0},"b":{"0":[0,0],"1":[0,0],"2":[0,0],"3":[0,0]},"meta":{"lastBranch":4,"lastFunction":9,"lastStatement":19,"seen":{"s:1:11:1:36":0,"f:4:8:4:14":0,"s:5:4:21:Infinity":1,"f:5:23:5:24":1,"s:6:6:20:Infinity":2,"f:9:8:9:16":2,"b:10:10:18:Infinity:16:17:18:Infinity":0,"s:10:10:18:Infinity":3,"b:11:12:15:Infinity:13:19:15:Infinity":1,"s:11:12:15:Infinity":4,"s:12:14:12:Infinity":5,"s:14:14:14:Infinity":6,"s:17:12:17:Infinity":7,"f:24:8:24:14":3,"s:25:4:34:Infinity":8,"f:25:23:25:24":4,"s:26:6:33:Infinity":9,"f:29:8:29:16":5,"b:30:10:31:Infinity:31:15:31:Infinity":2,"s:30:10:31:Infinity":10,"s:30:19:30:Infinity":11,"s:31:15:31:Infinity":12,"f:37:8:37:16":6,"s:38:4:47:Infinity":13,"f:38:23:38:24":7,"s:39:6:46:Infinity":14,"f:42:8:42:9":8,"b:43:10:44:Infinity:44:15:44:Infinity":3,"s:43:10:44:Infinity":15,"s:43:19:43:Infinity":16,"s:44:15:44:Infinity":17,"s:51:0:51:Infinity":18},"fnNames":{}}}
,"C:\\Users\\Pedro\\Downloads\\MuralDeLikes\\mural-de-likes\\src\\repositories\\postRepository.js": {"path":"C:\\Users\\Pedro\\Downloads\\MuralDeLikes\\mural-de-likes\\src\\repositories\\postRepository.js","statementMap":{"0":{"start":{"line":1,"column":11},"end":{"line":1,"column":36}},"1":{"start":{"line":5,"column":4},"end":{"line":17,"column":null}},"2":{"start":{"line":6,"column":46},"end":{"line":6,"column":54}},"3":{"start":{"line":7,"column":6},"end":{"line":16,"column":null}},"4":{"start":{"line":11,"column":10},"end":{"line":14,"column":null}},"5":{"start":{"line":11,"column":19},"end":{"line":11,"column":null}},"6":{"start":{"line":13,"column":12},"end":{"line":13,"column":null}},"7":{"start":{"line":21,"column":4},"end":{"line":31,"column":null}},"8":{"start":{"line":22,"column":6},"end":{"line":30,"column":null}},"9":{"start":{"line":28,"column":8},"end":{"line":29,"column":null}},"10":{"start":{"line":28,"column":17},"end":{"line":28,"column":null}},"11":{"start":{"line":29,"column":13},"end":{"line":29,"column":null}},"12":{"start":{"line":35,"column":4},"end":{"line":45,"column":null}},"13":{"start":{"line":36,"column":6},"end":{"line":44,"column":null}},"14":{"start":{"line":42,"column":8},"end":{"line":43,"column":null}},"15":{"start":{"line":42,"column":17},"end":{"line":42,"column":null}},"16":{"start":{"line":43,"column":13},"end":{"line":43,"column":null}},"17":{"start":{"line":49,"column":4},"end":{"line":58,"column":null}},"18":{"start":{"line":50,"column":6},"end":{"line":57,"column":null}},"19":{"start":{"line":54,"column":10},"end":{"line":55,"column":null}},"20":{"start":{"line":54,"column":19},"end":{"line":54,"column":null}},"21":{"start":{"line":55,"column":15},"end":{"line":55,"column":null}},"22":{"start":{"line":62,"column":4},"end":{"line":67,"column":null}},"23":{"start":{"line":63,"column":6},"end":{"line":66,"column":null}},"24":{"start":{"line":64,"column":8},"end":{"line":65,"column":null}},"25":{"start":{"line":64,"column":17},"end":{"line":64,"column":null}},"26":{"start":{"line":65,"column":13},"end":{"line":65,"column":null}},"27":{"start":{"line":71,"column":4},"end":{"line":76,"column":null}},"28":{"start":{"line":72,"column":6},"end":{"line":75,"column":null}},"29":{"start":{"line":73,"column":8},"end":{"line":74,"column":null}},"30":{"start":{"line":73,"column":17},"end":{"line":73,"column":null}},"31":{"start":{"line":74,"column":13},"end":{"line":74,"column":null}},"32":{"start":{"line":80,"column":0},"end":{"line":80,"column":null}}},"fnMap":{"0":{"name":"create","decl":{"start":{"line":4,"column":8},"end":{"line":4,"column":14}},"loc":{"start":{"line":4,"column":25},"end":{"line":18,"column":null}},"line":4},"1":{"name":"(anonymous_1)","decl":{"start":{"line":5,"column":23},"end":{"line":5,"column":24}},"loc":{"start":{"line":5,"column":44},"end":{"line":17,"column":5}},"line":5},"2":{"name":"(anonymous_2)","decl":{"start":{"line":10,"column":8},"end":{"line":10,"column":16}},"loc":{"start":{"line":10,"column":22},"end":{"line":15,"column":null}},"line":10},"3":{"name":"findAll","decl":{"start":{"line":20,"column":8},"end":{"line":20,"column":15}},"loc":{"start":{"line":20,"column":18},"end":{"line":32,"column":null}},"line":20},"4":{"name":"(anonymous_4)","decl":{"start":{"line":21,"column":23},"end":{"line":21,"column":24}},"loc":{"start":{"line":21,"column":44},"end":{"line":31,"column":5}},"line":21},"5":{"name":"(anonymous_5)","decl":{"start":{"line":27,"column":13},"end":{"line":27,"column":14}},"loc":{"start":{"line":27,"column":28},"end":{"line":30,"column":7}},"line":27},"6":{"name":"findById","decl":{"start":{"line":34,"column":8},"end":{"line":34,"column":16}},"loc":{"start":{"line":34,"column":21},"end":{"line":46,"column":null}},"line":34},"7":{"name":"(anonymous_7)","decl":{"start":{"line":35,"column":23},"end":{"line":35,"column":24}},"loc":{"start":{"line":35,"column":44},"end":{"line":45,"column":5}},"line":35},"8":{"name":"(anonymous_8)","decl":{"start":{"line":41,"column":15},"end":{"line":41,"column":16}},"loc":{"start":{"line":41,"column":29},"end":{"line":44,"column":7}},"line":41},"9":{"name":"delete","decl":{"start":{"line":48,"column":8},"end":{"line":48,"column":14}},"loc":{"start":{"line":48,"column":28},"end":{"line":59,"column":null}},"line":48},"10":{"name":"(anonymous_10)","decl":{"start":{"line":49,"column":23},"end":{"line":49,"column":24}},"loc":{"start":{"line":49,"column":44},"end":{"line":58,"column":5}},"line":49},"11":{"name":"(anonymous_11)","decl":{"start":{"line":53,"column":8},"end":{"line":53,"column":16}},"loc":{"start":{"line":53,"column":22},"end":{"line":56,"column":null}},"line":53},"12":{"name":"incrementLikes","decl":{"start":{"line":61,"column":8},"end":{"line":61,"column":22}},"loc":{"start":{"line":61,"column":31},"end":{"line":68,"column":null}},"line":61},"13":{"name":"(anonymous_13)","decl":{"start":{"line":62,"column":23},"end":{"line":62,"column":24}},"loc":{"start":{"line":62,"column":44},"end":{"line":67,"column":5}},"line":62},"14":{"name":"(anonymous_14)","decl":{"start":{"line":63,"column":86},"end":{"line":63,"column":87}},"loc":{"start":{"line":63,"column":95},"end":{"line":66,"column":7}},"line":63},"15":{"name":"decrementLikes","decl":{"start":{"line":70,"column":8},"end":{"line":70,"column":22}},"loc":{"start":{"line":70,"column":31},"end":{"line":77,"column":null}},"line":70},"16":{"name":"(anonymous_16)","decl":{"start":{"line":71,"column":23},"end":{"line":71,"column":24}},"loc":{"start":{"line":71,"column":44},"end":{"line":76,"column":5}},"line":71},"17":{"name":"(anonymous_17)","decl":{"start":{"line":72,"column":106},"end":{"line":72,"column":107}},"loc":{"start":{"line":72,"column":115},"end":{"line":75,"column":7}},"line":72}},"branchMap":{"0":{"loc":{"start":{"line":11,"column":10},"end":{"line":14,"column":null}},"type":"if","locations":[{"start":{"line":11,"column":10},"end":{"line":14,"column":null}},{"start":{"line":12,"column":15},"end":{"line":14,"column":null}}],"line":11},"1":{"loc":{"start":{"line":28,"column":8},"end":{"line":29,"column":null}},"type":"if","locations":[{"start":{"line":28,"column":8},"end":{"line":29,"column":null}},{"start":{"line":29,"column":13},"end":{"line":29,"column":null}}],"line":28},"2":{"loc":{"start":{"line":42,"column":8},"end":{"line":43,"column":null}},"type":"if","locations":[{"start":{"line":42,"column":8},"end":{"line":43,"column":null}},{"start":{"line":43,"column":13},"end":{"line":43,"column":null}}],"line":42},"3":{"loc":{"start":{"line":54,"column":10},"end":{"line":55,"column":null}},"type":"if","locations":[{"start":{"line":54,"column":10},"end":{"line":55,"column":null}},{"start":{"line":55,"column":15},"end":{"line":55,"column":null}}],"line":54},"4":{"loc":{"start":{"line":64,"column":8},"end":{"line":65,"column":null}},"type":"if","locations":[{"start":{"line":64,"column":8},"end":{"line":65,"column":null}},{"start":{"line":65,"column":13},"end":{"line":65,"column":null}}],"line":64},"5":{"loc":{"start":{"line":73,"column":8},"end":{"line":74,"column":null}},"type":"if","locations":[{"start":{"line":73,"column":8},"end":{"line":74,"column":null}},{"start":{"line":74,"column":13},"end":{"line":74,"column":null}}],"line":73}},"s":{"0":4,"1":1,"2":1,"3":1,"4":1,"5":0,"6":1,"7":0,"8":0,"9":0,"10":0,"11":0,"12":0,"13":0,"14":0,"15":0,"16":0,"17":0,"18":0,"19":0,"20":0,"21":0,"22":0,"23":0,"24":0,"25":0,"26":0,"27":0,"28":0,"29":0,"30":0,"31":0,"32":4},"f":{"0":1,"1":1,"2":1,"3":0,"4":0,"5":0,"6":0,"7":0,"8":0,"9":0,"10":0,"11":0,"12":0,"13":0,"14":0,"15":0,"16":0,"17":0},"b":{"0":[0,1],"1":[0,0],"2":[0,0],"3":[0,0],"4":[0,0],"5":[0,0]},"meta":{"lastBranch":6,"lastFunction":18,"lastStatement":33,"seen":{"s:1:11:1:36":0,"f:4:8:4:14":0,"s:5:4:17:Infinity":1,"f:5:23:5:24":1,"s:6:46:6:54":2,"s:7:6:16:Infinity":3,"f:10:8:10:16":2,"b:11:10:14:Infinity:12:15:14:Infinity":0,"s:11:10:14:Infinity":4,"s:11:19:11:Infinity":5,"s:13:12:13:Infinity":6,"f:20:8:20:15":3,"s:21:4:31:Infinity":7,"f:21:23:21:24":4,"s:22:6:30:Infinity":8,"f:27:13:27:14":5,"b:28:8:29:Infinity:29:13:29:Infinity":1,"s:28:8:29:Infinity":9,"s:28:17:28:Infinity":10,"s:29:13:29:Infinity":11,"f:34:8:34:16":6,"s:35:4:45:Infinity":12,"f:35:23:35:24":7,"s:36:6:44:Infinity":13,"f:41:15:41:16":8,"b:42:8:43:Infinity:43:13:43:Infinity":2,"s:42:8:43:Infinity":14,"s:42:17:42:Infinity":15,"s:43:13:43:Infinity":16,"f:48:8:48:14":9,"s:49:4:58:Infinity":17,"f:49:23:49:24":10,"s:50:6:57:Infinity":18,"f:53:8:53:16":11,"b:54:10:55:Infinity:55:15:55:Infinity":3,"s:54:10:55:Infinity":19,"s:54:19:54:Infinity":20,"s:55:15:55:Infinity":21,"f:61:8:61:22":12,"s:62:4:67:Infinity":22,"f:62:23:62:24":13,"s:63:6:66:Infinity":23,"f:63:86:63:87":14,"b:64:8:65:Infinity:65:13:65:Infinity":4,"s:64:8:65:Infinity":24,"s:64:17:64:Infinity":25,"s:65:13:65:Infinity":26,"f:70:8:70:22":15,"s:71:4:76:Infinity":27,"f:71:23:71:24":16,"s:72:6:75:Infinity":28,"f:72:106:72:107":17,"b:73:8:74:Infinity:74:13:74:Infinity":5,"s:73:8:74:Infinity":29,"s:73:17:73:Infinity":30,"s:74:13:74:Infinity":31,"s:80:0:80:Infinity":32},"fnNames":{}}}
,"C:\\Users\\Pedro\\Downloads\\MuralDeLikes\\mural-de-likes\\src\\repositories\\userRepository.js": {"path":"C:\\Users\\Pedro\\Downloads\\MuralDeLikes\\mural-de-likes\\src\\repositories\\userRepository.js","statementMap":{"0":{"start":{"line":1,"column":11},"end":{"line":1,"column":36}},"1":{"start":{"line":2,"column":15},"end":{"line":2,"column":34}},"2":{"start":{"line":6,"column":4},"end":{"line":25,"column":null}},"3":{"start":{"line":7,"column":44},"end":{"line":7,"column":52}},"4":{"start":{"line":8,"column":29},"end":{"line":8,"column":58}},"5":{"start":{"line":10,"column":6},"end":{"line":24,"column":null}},"6":{"start":{"line":14,"column":10},"end":{"line":22,"column":null}},"7":{"start":{"line":15,"column":12},"end":{"line":19,"column":null}},"8":{"start":{"line":16,"column":14},"end":{"line":16,"column":null}},"9":{"start":{"line":18,"column":14},"end":{"line":18,"column":null}},"10":{"start":{"line":21,"column":12},"end":{"line":21,"column":null}},"11":{"start":{"line":29,"column":4},"end":{"line":34,"column":null}},"12":{"start":{"line":30,"column":6},"end":{"line":33,"column":null}},"13":{"start":{"line":31,"column":8},"end":{"line":32,"column":null}},"14":{"start":{"line":31,"column":17},"end":{"line":31,"column":null}},"15":{"start":{"line":32,"column":13},"end":{"line":32,"column":null}},"16":{"start":{"line":38,"column":4},"end":{"line":43,"column":null}},"17":{"start":{"line":39,"column":6},"end":{"line":42,"column":null}},"18":{"start":{"line":40,"column":8},"end":{"line":41,"column":null}},"19":{"start":{"line":40,"column":17},"end":{"line":40,"column":null}},"20":{"start":{"line":41,"column":13},"end":{"line":41,"column":null}},"21":{"start":{"line":47,"column":0},"end":{"line":47,"column":null}}},"fnMap":{"0":{"name":"create","decl":{"start":{"line":5,"column":8},"end":{"line":5,"column":14}},"loc":{"start":{"line":5,"column":25},"end":{"line":26,"column":null}},"line":5},"1":{"name":"(anonymous_1)","decl":{"start":{"line":6,"column":23},"end":{"line":6,"column":24}},"loc":{"start":{"line":6,"column":44},"end":{"line":25,"column":5}},"line":6},"2":{"name":"(anonymous_2)","decl":{"start":{"line":13,"column":8},"end":{"line":13,"column":16}},"loc":{"start":{"line":13,"column":22},"end":{"line":23,"column":null}},"line":13},"3":{"name":"findByEmail","decl":{"start":{"line":28,"column":8},"end":{"line":28,"column":19}},"loc":{"start":{"line":28,"column":27},"end":{"line":35,"column":null}},"line":28},"4":{"name":"(anonymous_4)","decl":{"start":{"line":29,"column":23},"end":{"line":29,"column":24}},"loc":{"start":{"line":29,"column":44},"end":{"line":34,"column":5}},"line":29},"5":{"name":"(anonymous_5)","decl":{"start":{"line":30,"column":61},"end":{"line":30,"column":62}},"loc":{"start":{"line":30,"column":75},"end":{"line":33,"column":7}},"line":30},"6":{"name":"findById","decl":{"start":{"line":37,"column":8},"end":{"line":37,"column":16}},"loc":{"start":{"line":37,"column":21},"end":{"line":44,"column":null}},"line":37},"7":{"name":"(anonymous_7)","decl":{"start":{"line":38,"column":23},"end":{"line":38,"column":24}},"loc":{"start":{"line":38,"column":44},"end":{"line":43,"column":5}},"line":38},"8":{"name":"(anonymous_8)","decl":{"start":{"line":39,"column":73},"end":{"line":39,"column":74}},"loc":{"start":{"line":39,"column":87},"end":{"line":42,"column":7}},"line":39}},"branchMap":{"0":{"loc":{"start":{"line":14,"column":10},"end":{"line":22,"column":null}},"type":"if","locations":[{"start":{"line":14,"column":10},"end":{"line":22,"column":null}},{"start":{"line":20,"column":17},"end":{"line":22,"column":null}}],"line":14},"1":{"loc":{"start":{"line":15,"column":12},"end":{"line":19,"column":null}},"type":"if","locations":[{"start":{"line":15,"column":12},"end":{"line":19,"column":null}},{"start":{"line":17,"column":19},"end":{"line":19,"column":null}}],"line":15},"2":{"loc":{"start":{"line":31,"column":8},"end":{"line":32,"column":null}},"type":"if","locations":[{"start":{"line":31,"column":8},"end":{"line":32,"column":null}},{"start":{"line":32,"column":13},"end":{"line":32,"column":null}}],"line":31},"3":{"loc":{"start":{"line":40,"column":8},"end":{"line":41,"column":null}},"type":"if","locations":[{"start":{"line":40,"column":8},"end":{"line":41,"column":null}},{"start":{"line":41,"column":13},"end":{"line":41,"column":null}}],"line":40}},"s":{"0":3,"1":3,"2":1,"3":1,"4":1,"5":1,"6":1,"7":0,"8":0,"9":0,"10":1,"11":1,"12":1,"13":1,"14":0,"15":1,"16":0,"17":0,"18":0,"19":0,"20":0,"21":3},"f":{"0":1,"1":1,"2":1,"3":1,"4":1,"5":1,"6":0,"7":0,"8":0},"b":{"0":[0,1],"1":[0,0],"2":[0,1],"3":[0,0]},"meta":{"lastBranch":4,"lastFunction":9,"lastStatement":22,"seen":{"s:1:11:1:36":0,"s:2:15:2:34":1,"f:5:8:5:14":0,"s:6:4:25:Infinity":2,"f:6:23:6:24":1,"s:7:44:7:52":3,"s:8:29:8:58":4,"s:10:6:24:Infinity":5,"f:13:8:13:16":2,"b:14:10:22:Infinity:20:17:22:Infinity":0,"s:14:10:22:Infinity":6,"b:15:12:19:Infinity:17:19:19:Infinity":1,"s:15:12:19:Infinity":7,"s:16:14:16:Infinity":8,"s:18:14:18:Infinity":9,"s:21:12:21:Infinity":10,"f:28:8:28:19":3,"s:29:4:34:Infinity":11,"f:29:23:29:24":4,"s:30:6:33:Infinity":12,"f:30:61:30:62":5,"b:31:8:32:Infinity:32:13:32:Infinity":2,"s:31:8:32:Infinity":13,"s:31:17:31:Infinity":14,"s:32:13:32:Infinity":15,"f:37:8:37:16":6,"s:38:4:43:Infinity":16,"f:38:23:38:24":7,"s:39:6:42:Infinity":17,"f:39:73:39:74":8,"b:40:8:41:Infinity:41:13:41:Infinity":3,"s:40:8:41:Infinity":18,"s:40:17:40:Infinity":19,"s:41:13:41:Infinity":20,"s:47:0:47:Infinity":21},"fnNames":{}}}
,"C:\\Users\\Pedro\\Downloads\\MuralDeLikes\\mural-de-likes\\src\\routes\\authRoutes.js": {"path":"C:\\Users\\Pedro\\Downloads\\MuralDeLikes\\mural-de-likes\\src\\routes\\authRoutes.js","statementMap":{"0":{"start":{"line":1,"column":16},"end":{"line":1,"column":34}},"1":{"start":{"line":2,"column":23},"end":{"line":2,"column":63}},"2":{"start":{"line":3,"column":31},"end":{"line":3,"column":71}},"3":{"start":{"line":5,"column":15},"end":{"line":5,"column":31}},"4":{"start":{"line":7,"column":0},"end":{"line":7,"column":null}},"5":{"start":{"line":7,"column":58},"end":{"line":7,"column":97}},"6":{"start":{"line":8,"column":0},"end":{"line":8,"column":null}},"7":{"start":{"line":10,"column":0},"end":{"line":10,"column":null}},"8":{"start":{"line":10,"column":55},"end":{"line":10,"column":91}},"9":{"start":{"line":11,"column":0},"end":{"line":11,"column":null}},"10":{"start":{"line":13,"column":0},"end":{"line":13,"column":null}},"11":{"start":{"line":15,"column":0},"end":{"line":15,"column":null}}},"fnMap":{"0":{"name":"(anonymous_0)","decl":{"start":{"line":7,"column":44},"end":{"line":7,"column":45}},"loc":{"start":{"line":7,"column":58},"end":{"line":7,"column":97}},"line":7},"1":{"name":"(anonymous_1)","decl":{"start":{"line":10,"column":41},"end":{"line":10,"column":42}},"loc":{"start":{"line":10,"column":55},"end":{"line":10,"column":91}},"line":10}},"branchMap":{},"s":{"0":2,"1":2,"2":2,"3":2,"4":2,"5":0,"6":2,"7":2,"8":0,"9":2,"10":2,"11":2},"f":{"0":0,"1":0},"b":{},"meta":{"lastBranch":0,"lastFunction":2,"lastStatement":12,"seen":{"s:1:16:1:34":0,"s:2:23:2:63":1,"s:3:31:3:71":2,"s:5:15:5:31":3,"s:7:0:7:Infinity":4,"f:7:44:7:45":0,"s:7:58:7:97":5,"s:8:0:8:Infinity":6,"s:10:0:10:Infinity":7,"f:10:41:10:42":1,"s:10:55:10:91":8,"s:11:0:11:Infinity":9,"s:13:0:13:Infinity":10,"s:15:0:15:Infinity":11},"fnNames":{}}}
,"C:\\Users\\Pedro\\Downloads\\MuralDeLikes\\mural-de-likes\\src\\routes\\postRoutes.js": {"path":"C:\\Users\\Pedro\\Downloads\\MuralDeLikes\\mural-de-likes\\src\\routes\\postRoutes.js","statementMap":{"0":{"start":{"line":1,"column":16},"end":{"line":1,"column":34}},"1":{"start":{"line":2,"column":23},"end":{"line":2,"column":63}},"2":{"start":{"line":3,"column":28},"end":{"line":3,"column":68}},"3":{"start":{"line":5,"column":15},"end":{"line":5,"column":31}},"4":{"start":{"line":7,"column":0},"end":{"line":7,"column":null}},"5":{"start":{"line":8,"column":0},"end":{"line":10,"column":null}},"6":{"start":{"line":9,"column":4},"end":{"line":9,"column":null}},"7":{"start":{"line":11,"column":0},"end":{"line":11,"column":null}},"8":{"start":{"line":12,"column":0},"end":{"line":12,"column":null}},"9":{"start":{"line":13,"column":0},"end":{"line":13,"column":null}},"10":{"start":{"line":14,"column":0},"end":{"line":14,"column":null}},"11":{"start":{"line":16,"column":0},"end":{"line":16,"column":null}}},"fnMap":{"0":{"name":"(anonymous_0)","decl":{"start":{"line":8,"column":42},"end":{"line":8,"column":43}},"loc":{"start":{"line":9,"column":4},"end":{"line":9,"column":null}},"line":9}},"branchMap":{},"s":{"0":2,"1":2,"2":2,"3":2,"4":2,"5":2,"6":0,"7":2,"8":2,"9":2,"10":2,"11":2},"f":{"0":0},"b":{},"meta":{"lastBranch":0,"lastFunction":1,"lastStatement":12,"seen":{"s:1:16:1:34":0,"s:2:23:2:63":1,"s:3:28:3:68":2,"s:5:15:5:31":3,"s:7:0:7:Infinity":4,"s:8:0:10:Infinity":5,"f:8:42:8:43":0,"s:9:4:9:Infinity":6,"s:11:0:11:Infinity":7,"s:12:0:12:Infinity":8,"s:13:0:13:Infinity":9,"s:14:0:14:Infinity":10,"s:16:0:16:Infinity":11},"fnNames":{}}}
,"C:\\Users\\Pedro\\Downloads\\MuralDeLikes\\mural-de-likes\\src\\services\\postService.js": {"path":"C:\\Users\\Pedro\\Downloads\\MuralDeLikes\\mural-de-likes\\src\\services\\postService.js","statementMap":{"0":{"start":{"line":1,"column":23},"end":{"line":1,"column":64}},"1":{"start":{"line":2,"column":23},"end":{"line":2,"column":64}},"2":{"start":{"line":6,"column":4},"end":{"line":8,"column":null}},"3":{"start":{"line":7,"column":6},"end":{"line":7,"column":null}},"4":{"start":{"line":9,"column":4},"end":{"line":9,"column":null}},"5":{"start":{"line":13,"column":4},"end":{"line":13,"column":null}},"6":{"start":{"line":17,"column":4},"end":{"line":17,"column":null}},"7":{"start":{"line":21,"column":20},"end":{"line":21,"column":59}},"8":{"start":{"line":22,"column":4},"end":{"line":24,"column":null}},"9":{"start":{"line":23,"column":6},"end":{"line":23,"column":null}},"10":{"start":{"line":25,"column":4},"end":{"line":25,"column":null}},"11":{"start":{"line":29,"column":17},"end":{"line":29,"column":54}},"12":{"start":{"line":30,"column":4},"end":{"line":30,"column":null}},"13":{"start":{"line":30,"column":15},"end":{"line":30,"column":null}},"14":{"start":{"line":32,"column":21},"end":{"line":32,"column":66}},"15":{"start":{"line":33,"column":4},"end":{"line":33,"column":null}},"16":{"start":{"line":33,"column":18},"end":{"line":33,"column":null}},"17":{"start":{"line":35,"column":4},"end":{"line":35,"column":null}},"18":{"start":{"line":36,"column":4},"end":{"line":36,"column":null}},"19":{"start":{"line":37,"column":4},"end":{"line":37,"column":null}},"20":{"start":{"line":41,"column":20},"end":{"line":41,"column":63}},"21":{"start":{"line":42,"column":4},"end":{"line":44,"column":null}},"22":{"start":{"line":43,"column":6},"end":{"line":43,"column":null}},"23":{"start":{"line":45,"column":4},"end":{"line":45,"column":null}},"24":{"start":{"line":49,"column":0},"end":{"line":49,"column":null}}},"fnMap":{"0":{"name":"createPost","decl":{"start":{"line":5,"column":8},"end":{"line":5,"column":18}},"loc":{"start":{"line":5,"column":53},"end":{"line":10,"column":null}},"line":5},"1":{"name":"getAllPosts","decl":{"start":{"line":12,"column":8},"end":{"line":12,"column":19}},"loc":{"start":{"line":12,"column":22},"end":{"line":14,"column":null}},"line":12},"2":{"name":"getPostById","decl":{"start":{"line":16,"column":8},"end":{"line":16,"column":19}},"loc":{"start":{"line":16,"column":24},"end":{"line":18,"column":null}},"line":16},"3":{"name":"deletePost","decl":{"start":{"line":20,"column":8},"end":{"line":20,"column":18}},"loc":{"start":{"line":20,"column":31},"end":{"line":26,"column":null}},"line":20},"4":{"name":"likePost","decl":{"start":{"line":28,"column":8},"end":{"line":28,"column":16}},"loc":{"start":{"line":28,"column":33},"end":{"line":38,"column":null}},"line":28},"5":{"name":"unlikePost","decl":{"start":{"line":40,"column":8},"end":{"line":40,"column":18}},"loc":{"start":{"line":40,"column":35},"end":{"line":46,"column":null}},"line":40}},"branchMap":{"0":{"loc":{"start":{"line":5,"column":36},"end":{"line":5,"column":51}},"type":"default-arg","locations":[{"start":{"line":5,"column":47},"end":{"line":5,"column":51}}],"line":5},"1":{"loc":{"start":{"line":6,"column":4},"end":{"line":8,"column":null}},"type":"if","locations":[{"start":{"line":6,"column":4},"end":{"line":8,"column":null}},{"start":{},"end":{}}],"line":6},"2":{"loc":{"start":{"line":6,"column":8},"end":{"line":6,"column":41}},"type":"binary-expr","locations":[{"start":{"line":6,"column":8},"end":{"line":6,"column":16}},{"start":{"line":6,"column":20},"end":{"line":6,"column":41}}],"line":6},"3":{"loc":{"start":{"line":22,"column":4},"end":{"line":24,"column":null}},"type":"if","locations":[{"start":{"line":22,"column":4},"end":{"line":24,"column":null}},{"start":{},"end":{}}],"line":22},"4":{"loc":{"start":{"line":30,"column":4},"end":{"line":30,"column":null}},"type":"if","locations":[{"start":{"line":30,"column":4},"end":{"line":30,"column":null}},{"start":{},"end":{}}],"line":30},"5":{"loc":{"start":{"line":33,"column":4},"end":{"line":33,"column":null}},"type":"if","locations":[{"start":{"line":33,"column":4},"end":{"line":33,"column":null}},{"start":{},"end":{}}],"line":33},"6":{"loc":{"start":{"line":42,"column":4},"end":{"line":44,"column":null}},"type":"if","locations":[{"start":{"line":42,"column":4},"end":{"line":44,"column":null}},{"start":{},"end":{}}],"line":42}},"s":{"0":4,"1":4,"2":3,"3":2,"4":1,"5":0,"6":0,"7":0,"8":0,"9":0,"10":0,"11":0,"12":0,"13":0,"14":0,"15":0,"16":0,"17":0,"18":0,"19":0,"20":0,"21":0,"22":0,"23":0,"24":4},"f":{"0":3,"1":0,"2":0,"3":0,"4":0,"5":0},"b":{"0":[3],"1":[2,1],"2":[3,1],"3":[0,0],"4":[0,0],"5":[0,0],"6":[0,0]},"meta":{"lastBranch":7,"lastFunction":6,"lastStatement":25,"seen":{"s:1:23:1:64":0,"s:2:23:2:64":1,"f:5:8:5:18":0,"b:5:47:5:51":0,"b:6:4:8:Infinity:undefined:undefined:undefined:undefined":1,"s:6:4:8:Infinity":2,"b:6:8:6:16:6:20:6:41":2,"s:7:6:7:Infinity":3,"s:9:4:9:Infinity":4,"f:12:8:12:19":1,"s:13:4:13:Infinity":5,"f:16:8:16:19":2,"s:17:4:17:Infinity":6,"f:20:8:20:18":3,"s:21:20:21:59":7,"b:22:4:24:Infinity:undefined:undefined:undefined:undefined":3,"s:22:4:24:Infinity":8,"s:23:6:23:Infinity":9,"s:25:4:25:Infinity":10,"f:28:8:28:16":4,"s:29:17:29:54":11,"b:30:4:30:Infinity:undefined:undefined:undefined:undefined":4,"s:30:4:30:Infinity":12,"s:30:15:30:Infinity":13,"s:32:21:32:66":14,"b:33:4:33:Infinity:undefined:undefined:undefined:undefined":5,"s:33:4:33:Infinity":15,"s:33:18:33:Infinity":16,"s:35:4:35:Infinity":17,"s:36:4:36:Infinity":18,"s:37:4:37:Infinity":19,"f:40:8:40:18":5,"s:41:20:41:63":20,"b:42:4:44:Infinity:undefined:undefined:undefined:undefined":6,"s:42:4:44:Infinity":21,"s:43:6:43:Infinity":22,"s:45:4:45:Infinity":23,"s:49:0:49:Infinity":24},"fnNames":{}}}
,"C:\\Users\\Pedro\\Downloads\\MuralDeLikes\\mural-de-likes\\src\\services\\userService.js": {"path":"C:\\Users\\Pedro\\Downloads\\MuralDeLikes\\mural-de-likes\\src\\services\\userService.js","statementMap":{"0":{"start":{"line":1,"column":23},"end":{"line":1,"column":64}},"1":{"start":{"line":5,"column":4},"end":{"line":7,"column":null}},"2":{"start":{"line":6,"column":6},"end":{"line":6,"column":null}},"3":{"start":{"line":8,"column":4},"end":{"line":8,"column":null}},"4":{"start":{"line":12,"column":17},"end":{"line":12,"column":56}},"5":{"start":{"line":13,"column":4},"end":{"line":15,"column":null}},"6":{"start":{"line":14,"column":6},"end":{"line":14,"column":null}},"7":{"start":{"line":16,"column":4},"end":{"line":16,"column":null}},"8":{"start":{"line":20,"column":15},"end":{"line":20,"column":34}},"9":{"start":{"line":21,"column":0},"end":{"line":21,"column":null}}},"fnMap":{"0":{"name":"register","decl":{"start":{"line":4,"column":8},"end":{"line":4,"column":16}},"loc":{"start":{"line":4,"column":27},"end":{"line":9,"column":null}},"line":4},"1":{"name":"login","decl":{"start":{"line":11,"column":8},"end":{"line":11,"column":13}},"loc":{"start":{"line":11,"column":31},"end":{"line":17,"column":null}},"line":11}},"branchMap":{"0":{"loc":{"start":{"line":5,"column":4},"end":{"line":7,"column":null}},"type":"if","locations":[{"start":{"line":5,"column":4},"end":{"line":7,"column":null}},{"start":{},"end":{}}],"line":5},"1":{"loc":{"start":{"line":5,"column":8},"end":{"line":5,"column":67}},"type":"binary-expr","locations":[{"start":{"line":5,"column":8},"end":{"line":5,"column":26}},{"start":{"line":5,"column":30},"end":{"line":5,"column":45}},{"start":{"line":5,"column":49},"end":{"line":5,"column":67}}],"line":5},"2":{"loc":{"start":{"line":13,"column":4},"end":{"line":15,"column":null}},"type":"if","locations":[{"start":{"line":13,"column":4},"end":{"line":15,"column":null}},{"start":{},"end":{}}],"line":13},"3":{"loc":{"start":{"line":13,"column":8},"end":{"line":13,"column":61}},"type":"binary-expr","locations":[{"start":{"line":13,"column":8},"end":{"line":13,"column":13}},{"start":{"line":13,"column":17},"end":{"line":13,"column":61}}],"line":13}},"s":{"0":3,"1":2,"2":1,"3":1,"4":1,"5":1,"6":0,"7":1,"8":3,"9":3},"f":{"0":2,"1":1},"b":{"0":[1,1],"1":[2,1,1],"2":[0,1],"3":[1,1]},"meta":{"lastBranch":4,"lastFunction":2,"lastStatement":10,"seen":{"s:1:23:1:64":0,"f:4:8:4:16":0,"b:5:4:7:Infinity:undefined:undefined:undefined:undefined":0,"s:5:4:7:Infinity":1,"b:5:8:5:26:5:30:5:45:5:49:5:67":1,"s:6:6:6:Infinity":2,"s:8:4:8:Infinity":3,"f:11:8:11:13":1,"s:12:17:12:56":4,"b:13:4:15:Infinity:undefined:undefined:undefined:undefined":2,"s:13:4:15:Infinity":5,"b:13:8:13:13:13:17:13:61":3,"s:14:6:14:Infinity":6,"s:16:4:16:Infinity":7,"s:20:15:20:34":8,"s:21:0:21:Infinity":9},"fnNames":{}}}
}
